<?xml version="1.0" encoding="UTF-8"?>
<!-- Generated by org.testng.reporters.JUnitReportReporter -->
<testsuite skipped="0" hostname="Swapnil" name="Stark.runner" tests="5" failures="0" timestamp="26 Apr 2020 12:18:43 GMT" time="0.504" errors="0">
  <testcase name="runScenario" time="0.489" classname="Stark.runner"/>
  <testcase name="runScenario" time="0.006" classname="Stark.runner"/>
  <testcase name="runScenario" time="0.003" classname="Stark.runner"/>
  <testcase name="runScenario" time="0.002" classname="Stark.runner"/>
  <testcase name="runScenario" time="0.004" classname="Stark.runner"/>
</testsuite> <!-- Stark.runner -->
