<?xml version="1.0" encoding="UTF-8"?>
<!-- Generated by org.testng.reporters.JUnitReportReporter -->
<testsuite skipped="0" hostname="Swapnil" name="Stark.runnerTest" tests="1" failures="0" timestamp="24 Apr 2020 10:53:31 GMT" time="0.024" errors="0">
  <testcase name="f" time="0.024" classname="Stark.runnerTest"/>
</testsuite> <!-- Stark.runnerTest -->
